DEBUG main org.jboss.logging - Logging Provider: org.jboss.logging.Log4jLoggerProvider
DEBUG main org.jboss.logging - Logging Provider: org.jboss.logging.Log4jLoggerProvider
INFO main org.jboss.ejb.client - JBoss EJB Client version 1.0.5.Final
DEBUG main org.jboss.ejb.client.EJBClientPropertiesLoader - Looking for jboss-ejb-client.properties using classloader sun.misc.Launcher$AppClassLoader@4283874e
DEBUG main org.jboss.ejb.client.remoting.ConfigBasedEJBClientContextSelector - EJB client context org.jboss.ejb.client.EJBClientContext@a62e15c will have no EJB receivers associated with it since there was no EJB client configuration available to create the receivers
DEBUG main org.jboss.logging - Logging Provider: org.jboss.logging.Log4jLoggerProvider
INFO main org.jboss.ejb.client - JBoss EJB Client version 1.0.5.Final
DEBUG main org.jboss.ejb.client.EJBClientPropertiesLoader - Looking for jboss-ejb-client.properties using classloader sun.misc.Launcher$AppClassLoader@6b6a3075
DEBUG main org.jboss.ejb.client.EJBClientPropertiesLoader - Found jboss-ejb-client.properties using classloader sun.misc.Launcher$AppClassLoader@6b6a3075
DEBUG main org.jboss.ejb.client.PropertiesBasedEJBClientConfiguration - endpoint.create.options. has the following options {}
DEBUG main org.jboss.ejb.client.PropertiesBasedEJBClientConfiguration - remote.connectionprovider.create.options. has the following options {org.xnio.Options.SSL_ENABLED=>false}
DEBUG main org.jboss.ejb.client.PropertiesBasedEJBClientConfiguration - remote.connection.default.connect.options. has the following options {org.xnio.Options.SASL_POLICY_NOANONYMOUS=>false}
DEBUG main org.jboss.ejb.client.PropertiesBasedEJBClientConfiguration - remote.connection.default.channel.options. has the following options {}
DEBUG main org.jboss.ejb.client.PropertiesBasedEJBClientConfiguration - Connection org.jboss.ejb.client.PropertiesBasedEJBClientConfiguration$RemotingConnectionConfigurationImpl@65e600bf successfully created for connection named default
DEBUG main org.jboss.ejb.client.PropertiesBasedEJBClientConfiguration - No clusters configured in properties
INFO main org.xnio - XNIO Version 3.0.3.GA
INFO main org.xnio.nio - XNIO NIO Implementation Version 3.0.3.GA
INFO main org.jboss.remoting - JBoss Remoting version 3.2.3.GA
DEBUG Remoting "config-based-ejb-client-endpoint" read-1 org.xnio.nio - Started channel thread 'Remoting "config-based-ejb-client-endpoint" read-1', selector sun.nio.ch.WindowsSelectorImpl@3c401d45
DEBUG Remoting "config-based-ejb-client-endpoint" write-1 org.xnio.nio - Started channel thread 'Remoting "config-based-ejb-client-endpoint" write-1', selector sun.nio.ch.WindowsSelectorImpl@46fde259
DEBUG Remoting "config-based-ejb-client-endpoint" task-4 org.jboss.ejb.client.remoting.RemotingConnectionEJBReceiver - Channel Channel ID f4e0c69f (outbound) of Remoting connection 49812ab7 to localhost/127.0.0.1:4447 opened for context EJBReceiverContext{clientContext=org.jboss.ejb.client.EJBClientContext@26b61de0, receiver=Remoting connection EJB receiver [connection=Remoting connection <4f961bac>,channel=jboss.ejb,nodename=ertanergun-pc]} Waiting for version handshake message from server
INFO Remoting "config-based-ejb-client-endpoint" task-1 org.jboss.ejb.client.remoting.VersionReceiver - Received server version 1 and marshalling strategies [river]
INFO main org.jboss.ejb.client.remoting.RemotingConnectionEJBReceiver - Successful version handshake completed for receiver context EJBReceiverContext{clientContext=org.jboss.ejb.client.EJBClientContext@26b61de0, receiver=Remoting connection EJB receiver [connection=Remoting connection <4f961bac>,channel=jboss.ejb,nodename=ertanergun-pc]} on channel Channel ID f4e0c69f (outbound) of Remoting connection 49812ab7 to localhost/127.0.0.1:4447
DEBUG Remoting "config-based-ejb-client-endpoint" task-2 org.jboss.ejb.client.remoting.RemotingConnectionEJBReceiver - Received module availability report for 3 modules
DEBUG Remoting "config-based-ejb-client-endpoint" task-2 org.jboss.ejb.client.remoting.RemotingConnectionEJBReceiver - Registering module EJBModuleIdentifier{appName='macovskiEnterprise', moduleName='macovski', distinctName=''} availability for receiver context EJBReceiverContext{clientContext=org.jboss.ejb.client.EJBClientContext@26b61de0, receiver=Remoting connection EJB receiver [connection=Remoting connection <4f961bac>,channel=jboss.ejb,nodename=ertanergun-pc]}
DEBUG Remoting "config-based-ejb-client-endpoint" task-2 org.jboss.ejb.client.remoting.RemotingConnectionEJBReceiver - Registering module EJBModuleIdentifier{appName='macovskiEnterprise', moduleName='macovskiWeb', distinctName=''} availability for receiver context EJBReceiverContext{clientContext=org.jboss.ejb.client.EJBClientContext@26b61de0, receiver=Remoting connection EJB receiver [connection=Remoting connection <4f961bac>,channel=jboss.ejb,nodename=ertanergun-pc]}
DEBUG Remoting "config-based-ejb-client-endpoint" task-2 org.jboss.ejb.client.remoting.RemotingConnectionEJBReceiver - Registering module EJBModuleIdentifier{appName='macovskiEnterprise', moduleName='macovskiEnterprise', distinctName=''} availability for receiver context EJBReceiverContext{clientContext=org.jboss.ejb.client.EJBClientContext@26b61de0, receiver=Remoting connection EJB receiver [connection=Remoting connection <4f961bac>,channel=jboss.ejb,nodename=ertanergun-pc]}
DEBUG main org.jboss.ejb.client.remoting.ConfigBasedEJBClientContextSelector - Registered 1 remoting EJB receivers for EJB client context org.jboss.ejb.client.EJBClientContext@26b61de0
WARN Remoting "config-based-ejb-client-endpoint" task-2 org.jboss.ejb.client.remoting.ChannelAssociation - Unsupported message received with header 0xffffffff
DEBUG Thread-1 org.jboss.ejb.client.remoting.AutoConnectionCloser - Closing Remoting connection <4f961bac>
DEBUG Remoting "config-based-ejb-client-endpoint" read-1 org.jboss.ejb.client.remoting.RemotingConnectionEJBReceiver - Closing channelChannel ID f4e0c69f (outbound) of Remoting connection 49812ab7 to localhost/127.0.0.1:4447
DEBUG Remoting "config-based-ejb-client-endpoint" read-1 org.jboss.ejb.client.remoting.ChannelAssociation - Closing channel Channel ID f4e0c69f (outbound) of Remoting connection 49812ab7 to localhost/127.0.0.1:4447
DEBUG Remoting "config-based-ejb-client-endpoint" read-1 org.jboss.ejb.client.remoting.ChannelAssociation - Registering a re-connect handler org.jboss.ejb.client.remoting.EJBClientContextConnectionReconnectHandler@6e1f8bc1 for broken channel Channel ID f4e0c69f (outbound) of Remoting connection 49812ab7 to localhost/127.0.0.1:4447 in EJB client context org.jboss.ejb.client.EJBClientContext@26b61de0
DEBUG Thread-1 org.jboss.ejb.client.remoting.AutoConnectionCloser - Closing endpoint "config-based-ejb-client-endpoint" <65eb6cf5>
INFO Remoting "config-based-ejb-client-endpoint" task-1 org.jboss.ejb.client.remoting.ChannelAssociation - Channel Channel ID f4e0c69f (outbound) of Remoting connection 49812ab7 to localhost/127.0.0.1:4447 can no longer process messages
DEBUG main org.jboss.logging - Logging Provider: org.jboss.logging.Log4jLoggerProvider
INFO main org.jboss.ejb.client - JBoss EJB Client version 1.0.5.Final
DEBUG main org.jboss.ejb.client.EJBClientPropertiesLoader - Looking for jboss-ejb-client.properties using classloader sun.misc.Launcher$AppClassLoader@4283874e
DEBUG main org.jboss.ejb.client.EJBClientPropertiesLoader - Found jboss-ejb-client.properties using classloader sun.misc.Launcher$AppClassLoader@4283874e
DEBUG main org.jboss.ejb.client.PropertiesBasedEJBClientConfiguration - endpoint.create.options. has the following options {}
DEBUG main org.jboss.ejb.client.PropertiesBasedEJBClientConfiguration - remote.connectionprovider.create.options. has the following options {org.xnio.Options.SSL_ENABLED=>false}
DEBUG main org.jboss.ejb.client.PropertiesBasedEJBClientConfiguration - remote.connection.default.connect.options. has the following options {org.xnio.Options.SASL_POLICY_NOANONYMOUS=>false}
DEBUG main org.jboss.ejb.client.PropertiesBasedEJBClientConfiguration - remote.connection.default.channel.options. has the following options {}
DEBUG main org.jboss.ejb.client.PropertiesBasedEJBClientConfiguration - Connection org.jboss.ejb.client.PropertiesBasedEJBClientConfiguration$RemotingConnectionConfigurationImpl@5f3b2fdc successfully created for connection named default
DEBUG main org.jboss.ejb.client.PropertiesBasedEJBClientConfiguration - No clusters configured in properties
INFO main org.xnio - XNIO Version 3.0.3.GA
INFO main org.xnio.nio - XNIO NIO Implementation Version 3.0.3.GA
INFO main org.jboss.remoting - JBoss Remoting version 3.2.3.GA
DEBUG Remoting "config-based-ejb-client-endpoint" read-1 org.xnio.nio - Started channel thread 'Remoting "config-based-ejb-client-endpoint" read-1', selector sun.nio.ch.WindowsSelectorImpl@6ed279e2
DEBUG Remoting "config-based-ejb-client-endpoint" write-1 org.xnio.nio - Started channel thread 'Remoting "config-based-ejb-client-endpoint" write-1', selector sun.nio.ch.WindowsSelectorImpl@42b9f649
DEBUG Remoting "config-based-ejb-client-endpoint" task-4 org.jboss.ejb.client.remoting.RemotingConnectionEJBReceiver - Channel Channel ID e7eca365 (outbound) of Remoting connection 2b4935f3 to localhost/127.0.0.1:4447 opened for context EJBReceiverContext{clientContext=org.jboss.ejb.client.EJBClientContext@2b063d99, receiver=Remoting connection EJB receiver [connection=Remoting connection <2ae99e46>,channel=jboss.ejb,nodename=ertanergun-pc]} Waiting for version handshake message from server
INFO Remoting "config-based-ejb-client-endpoint" task-4 org.jboss.ejb.client.remoting.VersionReceiver - Received server version 1 and marshalling strategies [river]
INFO main org.jboss.ejb.client.remoting.RemotingConnectionEJBReceiver - Successful version handshake completed for receiver context EJBReceiverContext{clientContext=org.jboss.ejb.client.EJBClientContext@2b063d99, receiver=Remoting connection EJB receiver [connection=Remoting connection <2ae99e46>,channel=jboss.ejb,nodename=ertanergun-pc]} on channel Channel ID e7eca365 (outbound) of Remoting connection 2b4935f3 to localhost/127.0.0.1:4447
DEBUG Remoting "config-based-ejb-client-endpoint" task-2 org.jboss.ejb.client.remoting.RemotingConnectionEJBReceiver - Received module availability report for 3 modules
DEBUG Remoting "config-based-ejb-client-endpoint" task-2 org.jboss.ejb.client.remoting.RemotingConnectionEJBReceiver - Registering module EJBModuleIdentifier{appName='macovskiEnterprise', moduleName='macovski', distinctName=''} availability for receiver context EJBReceiverContext{clientContext=org.jboss.ejb.client.EJBClientContext@2b063d99, receiver=Remoting connection EJB receiver [connection=Remoting connection <2ae99e46>,channel=jboss.ejb,nodename=ertanergun-pc]}
DEBUG Remoting "config-based-ejb-client-endpoint" task-2 org.jboss.ejb.client.remoting.RemotingConnectionEJBReceiver - Registering module EJBModuleIdentifier{appName='macovskiEnterprise', moduleName='macovskiWeb', distinctName=''} availability for receiver context EJBReceiverContext{clientContext=org.jboss.ejb.client.EJBClientContext@2b063d99, receiver=Remoting connection EJB receiver [connection=Remoting connection <2ae99e46>,channel=jboss.ejb,nodename=ertanergun-pc]}
DEBUG Remoting "config-based-ejb-client-endpoint" task-2 org.jboss.ejb.client.remoting.RemotingConnectionEJBReceiver - Registering module EJBModuleIdentifier{appName='macovskiEnterprise', moduleName='macovskiEnterprise', distinctName=''} availability for receiver context EJBReceiverContext{clientContext=org.jboss.ejb.client.EJBClientContext@2b063d99, receiver=Remoting connection EJB receiver [connection=Remoting connection <2ae99e46>,channel=jboss.ejb,nodename=ertanergun-pc]}
DEBUG main org.jboss.ejb.client.remoting.ConfigBasedEJBClientContextSelector - Registered 1 remoting EJB receivers for EJB client context org.jboss.ejb.client.EJBClientContext@2b063d99
WARN Remoting "config-based-ejb-client-endpoint" task-2 org.jboss.ejb.client.remoting.ChannelAssociation - Unsupported message received with header 0xffffffff
DEBUG Thread-1 org.jboss.ejb.client.remoting.AutoConnectionCloser - Closing Remoting connection <2ae99e46>
DEBUG Remoting "config-based-ejb-client-endpoint" read-1 org.jboss.ejb.client.remoting.ChannelAssociation - Closing channel Channel ID e7eca365 (outbound) of Remoting connection 2b4935f3 to null
DEBUG Remoting "config-based-ejb-client-endpoint" read-1 org.jboss.ejb.client.remoting.ChannelAssociation - Registering a re-connect handler org.jboss.ejb.client.remoting.EJBClientContextConnectionReconnectHandler@7e11080f for broken channel Channel ID e7eca365 (outbound) of Remoting connection 2b4935f3 to null in EJB client context org.jboss.ejb.client.EJBClientContext@2b063d99
DEBUG Remoting "config-based-ejb-client-endpoint" read-1 org.jboss.ejb.client.remoting.RemotingConnectionEJBReceiver - Closing channelChannel ID e7eca365 (outbound) of Remoting connection 2b4935f3 to null
INFO Remoting "config-based-ejb-client-endpoint" task-4 org.jboss.ejb.client.remoting.ChannelAssociation - Channel Channel ID e7eca365 (outbound) of Remoting connection 2b4935f3 to null can no longer process messages
DEBUG Thread-1 org.jboss.ejb.client.remoting.AutoConnectionCloser - Closing endpoint "config-based-ejb-client-endpoint" <24cfd139>
